Using pre-set license
Built from '2021.3/staging' branch; Version is '2021.3.13f1 (9e7d58001ecf) revision 10386776'; Using compiler version '192829333'; Build Type 'Release'
OS: 'Windows 10  (10.0.19044) 64bit Professional' Language: 'en' Physical Memory: 32679 MB
BatchMode: 1, IsHumanControllingUs: 0, StartBugReporterOnCrash: 0, Is64bit: 1, IsPro: 1

COMMAND LINE ARGUMENTS:
C:\Program Files\Unity\Hub\Editor\2021.3.13f1\Editor\Unity.exe
-adb2
-batchMode
-noUpm
-name
AssetImportWorker4
-projectPath
E:/Game Design/MyPortfolio/GamesPortfolio/ProjectAlpha/My project
-logFile
Logs/AssetImportWorker4.log
-srvPort
50208
Successfully changed project path to: E:/Game Design/MyPortfolio/GamesPortfolio/ProjectAlpha/My project
E:/Game Design/MyPortfolio/GamesPortfolio/ProjectAlpha/My project
[UnityMemory] Configuration Parameters - Can be set up in boot.config
    "memorysetup-bucket-allocator-granularity=16"
    "memorysetup-bucket-allocator-bucket-count=8"
    "memorysetup-bucket-allocator-block-size=33554432"
    "memorysetup-bucket-allocator-block-count=8"
    "memorysetup-main-allocator-block-size=16777216"
    "memorysetup-thread-allocator-block-size=16777216"
    "memorysetup-gfx-main-allocator-block-size=16777216"
    "memorysetup-gfx-thread-allocator-block-size=16777216"
    "memorysetup-cache-allocator-block-size=4194304"
    "memorysetup-typetree-allocator-block-size=2097152"
    "memorysetup-profiler-bucket-allocator-granularity=16"
    "memorysetup-profiler-bucket-allocator-bucket-count=8"
    "memorysetup-profiler-bucket-allocator-block-size=33554432"
    "memorysetup-profiler-bucket-allocator-block-count=8"
    "memorysetup-profiler-allocator-block-size=16777216"
    "memorysetup-profiler-editor-allocator-block-size=1048576"
    "memorysetup-temp-allocator-size-main=16777216"
    "memorysetup-job-temp-allocator-block-size=2097152"
    "memorysetup-job-temp-allocator-block-size-background=1048576"
    "memorysetup-job-temp-allocator-reduction-small-platforms=262144"
    "memorysetup-temp-allocator-size-background-worker=32768"
    "memorysetup-temp-allocator-size-job-worker=262144"
    "memorysetup-temp-allocator-size-preload-manager=33554432"
    "memorysetup-temp-allocator-size-nav-mesh-worker=65536"
    "memorysetup-temp-allocator-size-audio-worker=65536"
    "memorysetup-temp-allocator-size-cloud-worker=32768"
    "memorysetup-temp-allocator-size-gi-baking-worker=262144"
    "memorysetup-temp-allocator-size-gfx=262144"
Refreshing native plugins compatible for Editor in 82.78 ms, found 3 plugins.
Preloading 0 native plugins for Editor in 0.00 ms.
Initialize engine version: 2021.3.13f1 (9e7d58001ecf)
[Subsystems] Discovering subsystems at path C:/Program Files/Unity/Hub/Editor/2021.3.13f1/Editor/Data/Resources/UnitySubsystems
[Subsystems] Discovering subsystems at path E:/Game Design/MyPortfolio/GamesPortfolio/ProjectAlpha/My project/Assets
GfxDevice: creating device client; threaded=0; jobified=0
Direct3D:
    Version:  Direct3D 11.0 [level 11.1]
    Renderer: NVIDIA GeForce GTX 1070 (ID=0x1b81)
    Vendor:   NVIDIA
    VRAM:     8081 MB
    Driver:   31.0.15.3640
Initialize mono
Mono path[0] = 'C:/Program Files/Unity/Hub/Editor/2021.3.13f1/Editor/Data/Managed'
Mono path[1] = 'C:/Program Files/Unity/Hub/Editor/2021.3.13f1/Editor/Data/MonoBleedingEdge/lib/mono/unityjit-win32'
Mono config path = 'C:/Program Files/Unity/Hub/Editor/2021.3.13f1/Editor/Data/MonoBleedingEdge/etc'
Using monoOptions --debugger-agent=transport=dt_socket,embedding=1,server=y,suspend=n,address=127.0.0.1:56444
Begin MonoManager ReloadAssembly
Registering precompiled unity dll's ...
Register platform support module: C:/Program Files/Unity/Hub/Editor/2021.3.13f1/Editor/Data/PlaybackEngines/WindowsStandaloneSupport/UnityEditor.WindowsStandalone.Extensions.dll
Registered in 0.007651 seconds.
Native extension for WindowsStandalone target not found
Refreshing native plugins compatible for Editor in 75.60 ms, found 3 plugins.
Preloading 0 native plugins for Editor in 0.00 ms.
Mono: successfully reloaded assembly
- Completed reload, in  0.671 seconds
Domain Reload Profiling:
	ReloadAssembly (672ms)
		BeginReloadAssembly (102ms)
			ExecutionOrderSort (0ms)
			DisableScriptedObjects (0ms)
			BackupInstance (0ms)
			ReleaseScriptingObjects (0ms)
			CreateAndSetChildDomain (1ms)
		EndReloadAssembly (454ms)
			LoadAssemblies (99ms)
			RebuildTransferFunctionScriptingTraits (0ms)
			SetupTypeCache (105ms)
			ReleaseScriptCaches (0ms)
			RebuildScriptCaches (27ms)
			SetupLoadedEditorAssemblies (270ms)
				LogAssemblyErrors (0ms)
				InitializePlatformSupportModulesInManaged (9ms)
				SetLoadedEditorAssemblies (0ms)
				RefreshPlugins (76ms)
				BeforeProcessingInitializeOnLoad (1ms)
				ProcessInitializeOnLoadAttributes (138ms)
				ProcessInitializeOnLoadMethodAttributes (46ms)
				AfterProcessingInitializeOnLoad (0ms)
				EditorAssembliesLoaded (0ms)
			ExecutionOrderSort2 (0ms)
			AwakeInstancesAfterBackupRestoration (0ms)
Platform modules already initialized, skipping
Registering precompiled user dll's ...
Registered in 0.005814 seconds.
Begin MonoManager ReloadAssembly
Symbol file LoadedFromMemory doesn't match image E:\Game Design\MyPortfolio\GamesPortfolio\ProjectAlpha\My project\Library\PackageCache\com.unity.visualscripting@1.7.8\Editor\VisualScripting.Core\Dependencies\YamlDotNet\Unity.VisualScripting.YamlDotNet.dll
Symbol file LoadedFromMemory doesn't match image E:\Game Design\MyPortfolio\GamesPortfolio\ProjectAlpha\My project\Library\PackageCache\com.unity.visualscripting@1.7.8\Editor\VisualScripting.Core\Dependencies\DotNetZip\Unity.VisualScripting.IonicZip.dll
Native extension for WindowsStandalone target not found
Refreshing native plugins compatible for Editor in 0.48 ms, found 3 plugins.
Preloading 0 native plugins for Editor in 0.00 ms.
Mono: successfully reloaded assembly
- Completed reload, in  0.900 seconds
Domain Reload Profiling:
	ReloadAssembly (900ms)
		BeginReloadAssembly (99ms)
			ExecutionOrderSort (0ms)
			DisableScriptedObjects (6ms)
			BackupInstance (0ms)
			ReleaseScriptingObjects (0ms)
			CreateAndSetChildDomain (16ms)
		EndReloadAssembly (702ms)
			LoadAssemblies (82ms)
			RebuildTransferFunctionScriptingTraits (0ms)
			SetupTypeCache (225ms)
			ReleaseScriptCaches (1ms)
			RebuildScriptCaches (47ms)
			SetupLoadedEditorAssemblies (315ms)
				LogAssemblyErrors (0ms)
				InitializePlatformSupportModulesInManaged (5ms)
				SetLoadedEditorAssemblies (0ms)
				RefreshPlugins (1ms)
				BeforeProcessingInitializeOnLoad (76ms)
				ProcessInitializeOnLoadAttributes (198ms)
				ProcessInitializeOnLoadMethodAttributes (26ms)
				AfterProcessingInitializeOnLoad (9ms)
				EditorAssembliesLoaded (0ms)
			ExecutionOrderSort2 (0ms)
			AwakeInstancesAfterBackupRestoration (5ms)
Platform modules already initialized, skipping
========================================================================
Worker process is ready to serve import requests
Launched and connected shader compiler UnityShaderCompiler.exe after 0.04 seconds
Refreshing native plugins compatible for Editor in 0.86 ms, found 3 plugins.
Preloading 0 native plugins for Editor in 0.00 ms.
Unloading 3349 Unused Serialized files (Serialized files now loaded: 0)
Unloading 27 unused Assets / (113.6 KB). Loaded Objects now: 3806.
Memory consumption went from 115.3 MB to 115.2 MB.
Total: 3.114900 ms (FindLiveObjects: 0.322100 ms CreateObjectMapping: 0.291000 ms MarkObjects: 2.412000 ms  DeleteObjects: 0.089200 ms)

AssetImportParameters requested are different than current active one (requested -> active):
  custom:video-decoder-ogg-theora: a1e56fd34408186e4bbccfd4996cb3dc -> 
  custom:container-muxer-webm: aa71ff27fc2769a1b78a27578f13a17b -> 
  custom:container-demuxer-webm: 4f35f7cbe854078d1ac9338744f61a02 -> 
  custom:video-encoder-webm-vp8: eb34c28f22e8b96e1ab97ce403110664 -> 
  custom:audio-encoder-webm-vorbis: bf7c407c2cedff20999df2af8eb42d56 -> 
  custom:framework-win-MediaFoundation: 216162199b28c13a410421893ffa2e32 -> 
  custom:container-demuxer-ogg: 62fdf1f143b41e24485cea50d1cbac27 -> 
  custom:video-decoder-webm-vp8: 9c59270c3fd7afecdb556c50c9e8de78 -> 
  custom:audio-decoder-ogg-vorbis: bf7c407c2cedff20999df2af8eb42d56 -> 
========================================================================
Received Import Request.
  Time since last request: 350163.172642 seconds.
  path: Assets/Prefabs/Room Objects/Scroll_Open.fbx
  artifactKey: Guid(5a1d7b8509deb5943b0f9a32c1b273b8) Importer(815301076,1909f56bfc062723c751e8b465ee728b)
Start importing Assets/Prefabs/Room Objects/Scroll_Open.fbx using Guid(5a1d7b8509deb5943b0f9a32c1b273b8) Importer(815301076,1909f56bfc062723c751e8b465ee728b)  -> (artifact id: '3a4b44565c07c200e963b6245000c55b') in 0.151756 seconds 
========================================================================
Received Import Request.
  Time since last request: 0.000020 seconds.
  path: Assets/Prefabs/Room Objects/SM_Prop_Paper_Pile_02.fbx
  artifactKey: Guid(3f1fc1be83c69504ca5c41486ef6404e) Importer(815301076,1909f56bfc062723c751e8b465ee728b)
Start importing Assets/Prefabs/Room Objects/SM_Prop_Paper_Pile_02.fbx using Guid(3f1fc1be83c69504ca5c41486ef6404e) Importer(815301076,1909f56bfc062723c751e8b465ee728b)  -> (artifact id: '9befc9d455ad7339beb74d40dc13fa6c') in 0.019217 seconds 
========================================================================
Received Import Request.
  Time since last request: 0.000028 seconds.
  path: Assets/Prefabs/Room Objects/SM_Prop_Desk_04.fbx
  artifactKey: Guid(19e89e578cc35964fadebd1f6492a2b7) Importer(815301076,1909f56bfc062723c751e8b465ee728b)
Start importing Assets/Prefabs/Room Objects/SM_Prop_Desk_04.fbx using Guid(19e89e578cc35964fadebd1f6492a2b7) Importer(815301076,1909f56bfc062723c751e8b465ee728b)  -> (artifact id: '89bb97dff13923f8ed6120f574354b69') in 0.020653 seconds 
========================================================================
Received Import Request.
  Time since last request: 0.000027 seconds.
  path: Assets/Prefabs/Room Objects/SM_Prop_TV_Wall_01.fbx
  artifactKey: Guid(1dcac46fca7d4f141bf0d9e41d48850c) Importer(815301076,1909f56bfc062723c751e8b465ee728b)
Start importing Assets/Prefabs/Room Objects/SM_Prop_TV_Wall_01.fbx using Guid(1dcac46fca7d4f141bf0d9e41d48850c) Importer(815301076,1909f56bfc062723c751e8b465ee728b)  -> (artifact id: 'efc2805a799b3f06df43dfc262624b38') in 0.026545 seconds 
========================================================================
Received Import Request.
  Time since last request: 0.000028 seconds.
  path: Assets/Prefabs/Room Objects/SM_Prop_Computer_Mousepad_01.fbx
  artifactKey: Guid(fe67b51802817d54a950ebd7cfcf1800) Importer(815301076,1909f56bfc062723c751e8b465ee728b)
Start importing Assets/Prefabs/Room Objects/SM_Prop_Computer_Mousepad_01.fbx using Guid(fe67b51802817d54a950ebd7cfcf1800) Importer(815301076,1909f56bfc062723c751e8b465ee728b)  -> (artifact id: '1c0dcc50c51705997a2a7ade3d7a3510') in 0.020109 seconds 
========================================================================
Received Import Request.
  Time since last request: 0.000025 seconds.
  path: Assets/Prefabs/Room Objects/SM_Prop_Folder_Holder_04.fbx
  artifactKey: Guid(b9cce2148e9c03a41ba4ff9a7b0d93c6) Importer(815301076,1909f56bfc062723c751e8b465ee728b)
Start importing Assets/Prefabs/Room Objects/SM_Prop_Folder_Holder_04.fbx using Guid(b9cce2148e9c03a41ba4ff9a7b0d93c6) Importer(815301076,1909f56bfc062723c751e8b465ee728b)  -> (artifact id: 'd59e68c59b4e140f3988be2beae825d2') in 0.019786 seconds 
========================================================================
Received Import Request.
  Time since last request: 0.000015 seconds.
  path: Assets/Prefabs/Room Objects/SM_Prop_WaterCooler_01.fbx
  artifactKey: Guid(92bf75a1d543ca54eb7f438dc1b9f477) Importer(815301076,1909f56bfc062723c751e8b465ee728b)
Start importing Assets/Prefabs/Room Objects/SM_Prop_WaterCooler_01.fbx using Guid(92bf75a1d543ca54eb7f438dc1b9f477) Importer(815301076,1909f56bfc062723c751e8b465ee728b)  -> (artifact id: 'c582504711f50730189041054c5f576c') in 0.028537 seconds 
========================================================================
Received Import Request.
  Time since last request: 0.000021 seconds.
  path: Assets/Prefabs/Room Objects/Tree_Branch.fbx
  artifactKey: Guid(5fa920b8c17ae0f458f9013fe9b2be89) Importer(815301076,1909f56bfc062723c751e8b465ee728b)
Start importing Assets/Prefabs/Room Objects/Tree_Branch.fbx using Guid(5fa920b8c17ae0f458f9013fe9b2be89) Importer(815301076,1909f56bfc062723c751e8b465ee728b)  -> (artifact id: '8b4f18d16fad7062607924f003095162') in 0.026894 seconds 
========================================================================
Received Import Request.
  Time since last request: 0.000023 seconds.
  path: Assets/Prefabs/Room Objects/SM_Prop_NotePad_02.fbx
  artifactKey: Guid(92861df3c5ab17348aa335613c6dff68) Importer(815301076,1909f56bfc062723c751e8b465ee728b)
Start importing Assets/Prefabs/Room Objects/SM_Prop_NotePad_02.fbx using Guid(92861df3c5ab17348aa335613c6dff68) Importer(815301076,1909f56bfc062723c751e8b465ee728b)  -> (artifact id: '2c1d72b1d16ae98bfb5ce57a1a29de0a') in 0.016707 seconds 
========================================================================
Received Import Request.
  Time since last request: 0.000021 seconds.
  path: Assets/Prefabs/Room Objects/SM_Prop_Poster_01.fbx
  artifactKey: Guid(1b0ca93aa042d854abf3ff5d2c691518) Importer(815301076,1909f56bfc062723c751e8b465ee728b)
Start importing Assets/Prefabs/Room Objects/SM_Prop_Poster_01.fbx using Guid(1b0ca93aa042d854abf3ff5d2c691518) Importer(815301076,1909f56bfc062723c751e8b465ee728b)  -> (artifact id: '941ee450ce73dc88c7d78ed41814b537') in 0.024047 seconds 
========================================================================
Received Import Request.
  Time since last request: 0.000023 seconds.
  path: Assets/Prefabs/Room Objects/SM_Prop_Outdoor_Seat_01 1.fbx
  artifactKey: Guid(f27ead6102f86f745bb34a6238193ae5) Importer(815301076,1909f56bfc062723c751e8b465ee728b)
Start importing Assets/Prefabs/Room Objects/SM_Prop_Outdoor_Seat_01 1.fbx using Guid(f27ead6102f86f745bb34a6238193ae5) Importer(815301076,1909f56bfc062723c751e8b465ee728b)  -> (artifact id: '2e0f5a4473ff8652a6937824eb2b02a2') in 0.021512 seconds 
========================================================================
Received Import Request.
  Time since last request: 0.000018 seconds.
  path: Assets/Prefabs/Room Objects/SM_Prop_ID_Card_01.fbx
  artifactKey: Guid(31fed1183f66ca94dbf29db959a12048) Importer(815301076,1909f56bfc062723c751e8b465ee728b)
Start importing Assets/Prefabs/Room Objects/SM_Prop_ID_Card_01.fbx using Guid(31fed1183f66ca94dbf29db959a12048) Importer(815301076,1909f56bfc062723c751e8b465ee728b)  -> (artifact id: 'd2ed59960743c7720dba942da7fe6852') in 0.020976 seconds 
========================================================================
Received Import Request.
  Time since last request: 0.000023 seconds.
  path: Assets/Prefabs/Room Objects/Skull.fbx
  artifactKey: Guid(665db68ba193b8f438a73e08ed4c96a5) Importer(815301076,1909f56bfc062723c751e8b465ee728b)
Start importing Assets/Prefabs/Room Objects/Skull.fbx using Guid(665db68ba193b8f438a73e08ed4c96a5) Importer(815301076,1909f56bfc062723c751e8b465ee728b)  -> (artifact id: 'ae8d3e61d29f3f4c49e32b3e48856194') in 0.020199 seconds 
========================================================================
Received Import Request.
  Time since last request: 0.000017 seconds.
  path: Assets/Prefabs/Room Objects/SM_Prop_Outdoor_Seat_01.fbx
  artifactKey: Guid(70654984332580d46b08e40f9b0c1665) Importer(815301076,1909f56bfc062723c751e8b465ee728b)
Start importing Assets/Prefabs/Room Objects/SM_Prop_Outdoor_Seat_01.fbx using Guid(70654984332580d46b08e40f9b0c1665) Importer(815301076,1909f56bfc062723c751e8b465ee728b)  -> (artifact id: 'aed4ceeba278b8a99f430c5a0e334ed6') in 0.047822 seconds 
========================================================================
Received Import Request.
  Time since last request: 0.000038 seconds.
  path: Assets/Prefabs/Room Objects/SM_Prop_Book_Group_08.fbx
  artifactKey: Guid(e56ffdeb126099b48a3f48786305033b) Importer(815301076,1909f56bfc062723c751e8b465ee728b)
Start importing Assets/Prefabs/Room Objects/SM_Prop_Book_Group_08.fbx using Guid(e56ffdeb126099b48a3f48786305033b) Importer(815301076,1909f56bfc062723c751e8b465ee728b)  -> (artifact id: '4a3a8784362df3b2121b8c01d1a20427') in 0.023845 seconds 
========================================================================
Received Import Request.
  Time since last request: 0.000022 seconds.
  path: Assets/Prefabs/Room Objects/SM_Prop_Book_Phone_Open_01.fbx
  artifactKey: Guid(4f5c144676c208f43b2d748948b3ef5d) Importer(815301076,1909f56bfc062723c751e8b465ee728b)
Start importing Assets/Prefabs/Room Objects/SM_Prop_Book_Phone_Open_01.fbx using Guid(4f5c144676c208f43b2d748948b3ef5d) Importer(815301076,1909f56bfc062723c751e8b465ee728b)  -> (artifact id: 'e883e5e3d99f3dae816e3a4488e9398d') in 0.018953 seconds 
========================================================================
Received Import Request.
  Time since last request: 0.000018 seconds.
  path: Assets/Prefabs/Room Objects/SM_Prop_Computer_Tower_02.fbx
  artifactKey: Guid(442cbbcaad863b54db49b232104c7181) Importer(815301076,1909f56bfc062723c751e8b465ee728b)
Start importing Assets/Prefabs/Room Objects/SM_Prop_Computer_Tower_02.fbx using Guid(442cbbcaad863b54db49b232104c7181) Importer(815301076,1909f56bfc062723c751e8b465ee728b)  -> (artifact id: 'f39c1ace89c6080b1120946c67175fa5') in 0.023901 seconds 
========================================================================
Received Import Request.
  Time since last request: 0.000021 seconds.
  path: Assets/Prefabs/Room Objects/SM_Prop_WallDressing_02.fbx
  artifactKey: Guid(9e1eb9a7614ac614a99ef12cca1bffda) Importer(815301076,1909f56bfc062723c751e8b465ee728b)
Start importing Assets/Prefabs/Room Objects/SM_Prop_WallDressing_02.fbx using Guid(9e1eb9a7614ac614a99ef12cca1bffda) Importer(815301076,1909f56bfc062723c751e8b465ee728b)  -> (artifact id: '5adca4ee90af8cc9cbc2050a93b642e0') in 0.034468 seconds 
========================================================================
Received Import Request.
  Time since last request: 36.389902 seconds.
  path: Assets/Materials
  artifactKey: Guid(f4dfc55a584b9f64b9847243890f58e4) Importer(815301076,1909f56bfc062723c751e8b465ee728b)
Start importing Assets/Materials using Guid(f4dfc55a584b9f64b9847243890f58e4) Importer(815301076,1909f56bfc062723c751e8b465ee728b)  -> (artifact id: 'd7a80b3ed04fff68f655b38c3b915172') in 0.007750 seconds 
========================================================================
Received Import Request.
  Time since last request: 0.029367 seconds.
  path: Assets/Materials/Blue.mat
  artifactKey: Guid(5164c302b5d49974692afae84a140418) Importer(815301076,1909f56bfc062723c751e8b465ee728b)
Start importing Assets/Materials/Blue.mat using Guid(5164c302b5d49974692afae84a140418) Importer(815301076,1909f56bfc062723c751e8b465ee728b)  -> (artifact id: 'd86158ebb992d591c46e30f4c70d2bc0') in 0.014372 seconds 
========================================================================
Received Import Request.
  Time since last request: 0.000027 seconds.
  path: Assets/Materials/Yellow.mat
  artifactKey: Guid(dd80b523486bc704f95a6bf742d6ec51) Importer(815301076,1909f56bfc062723c751e8b465ee728b)
Start importing Assets/Materials/Yellow.mat using Guid(dd80b523486bc704f95a6bf742d6ec51) Importer(815301076,1909f56bfc062723c751e8b465ee728b)  -> (artifact id: 'ecbc24e514dd33f39be7eb0c5a948a85') in 0.014763 seconds 
========================================================================
Received Import Request.
  Time since last request: 4.919082 seconds.
  path: Assets/Materials/Material pack
  artifactKey: Guid(f736ff1b7d8cb534dacb13309b101ce5) Importer(815301076,1909f56bfc062723c751e8b465ee728b)
Start importing Assets/Materials/Material pack using Guid(f736ff1b7d8cb534dacb13309b101ce5) Importer(815301076,1909f56bfc062723c751e8b465ee728b)  -> (artifact id: '70a53abe3c197dbb538b573775ff2676') in 0.007476 seconds 
========================================================================
Received Import Request.
  Time since last request: 5.512822 seconds.
  path: Assets/Materials/Material pack/Misc
  artifactKey: Guid(4bff11df8e3810a42b46019ba16afba4) Importer(815301076,1909f56bfc062723c751e8b465ee728b)
Start importing Assets/Materials/Material pack/Misc using Guid(4bff11df8e3810a42b46019ba16afba4) Importer(815301076,1909f56bfc062723c751e8b465ee728b)  -> (artifact id: '29b839980eab3c6ce94877ef9864ac98') in 0.008116 seconds 
========================================================================
Received Import Request.
  Time since last request: 3.921339 seconds.
  path: Assets/Materials/Material pack/Alts
  artifactKey: Guid(8ecdc7e758bd60742a9298d023f8eda4) Importer(815301076,1909f56bfc062723c751e8b465ee728b)
Start importing Assets/Materials/Material pack/Alts using Guid(8ecdc7e758bd60742a9298d023f8eda4) Importer(815301076,1909f56bfc062723c751e8b465ee728b)  -> (artifact id: '34284e692fb56cf78936d107fb995fc2') in 0.007801 seconds 
========================================================================
Received Import Request.
  Time since last request: 5.491363 seconds.
  path: Assets/Materials/Extra Textures
  artifactKey: Guid(a8be6c49c0c1f2547b7f0afaf442b1cc) Importer(815301076,1909f56bfc062723c751e8b465ee728b)
Start importing Assets/Materials/Extra Textures using Guid(a8be6c49c0c1f2547b7f0afaf442b1cc) Importer(815301076,1909f56bfc062723c751e8b465ee728b)  -> (artifact id: 'd1d9d3a14d3b1574bdf18fc67b26df1c') in 0.007731 seconds 
========================================================================
Received Import Request.
  Time since last request: 2.443750 seconds.
  path: Assets/Materials/Extra Textures/LowPolyDungeonsLite_Texture_01.png
  artifactKey: Guid(3368dcc05b2e368459930672ab30f04b) Importer(815301076,1909f56bfc062723c751e8b465ee728b)
Start importing Assets/Materials/Extra Textures/LowPolyDungeonsLite_Texture_01.png using Guid(3368dcc05b2e368459930672ab30f04b) Importer(815301076,1909f56bfc062723c751e8b465ee728b)  -> (artifact id: '54c34e671bb8aed93daa0d702119a9a4') in 0.164236 seconds 
========================================================================
Received Import Request.
  Time since last request: 6.696750 seconds.
  path: Assets/Materials/Material Pack 1
  artifactKey: Guid(f4a22d27146c38041ad9b5bd75f3d088) Importer(815301076,1909f56bfc062723c751e8b465ee728b)
Start importing Assets/Materials/Material Pack 1 using Guid(f4a22d27146c38041ad9b5bd75f3d088) Importer(815301076,1909f56bfc062723c751e8b465ee728b)  -> (artifact id: '58cccf30c0afc45b30f27a5052a8052a') in 0.007843 seconds 
========================================================================
Received Import Request.
  Time since last request: 3.102125 seconds.
  path: Assets/Materials/Material Pack 1/LPD_Texture.png
  artifactKey: Guid(fbdc28b4a3304bb4185e640c32ffc5c5) Importer(815301076,1909f56bfc062723c751e8b465ee728b)
Start importing Assets/Materials/Material Pack 1/LPD_Texture.png using Guid(fbdc28b4a3304bb4185e640c32ffc5c5) Importer(815301076,1909f56bfc062723c751e8b465ee728b)  -> (artifact id: '6538bf813c4077500febbe2ae1ff49f2') in 0.010955 seconds 
========================================================================
Received Import Request.
  Time since last request: 218.049071 seconds.
  path: Assets/Materials/Material Pack 2
  artifactKey: Guid(ad3d796584ca19445830795e8c390d67) Importer(815301076,1909f56bfc062723c751e8b465ee728b)
Start importing Assets/Materials/Material Pack 2 using Guid(ad3d796584ca19445830795e8c390d67) Importer(815301076,1909f56bfc062723c751e8b465ee728b)  -> (artifact id: '1704b9bf5212913d7929c7e2f2b4b43f') in 0.007851 seconds 
========================================================================
Received Import Request.
  Time since last request: 13.683327 seconds.
  path: Assets/Materials/Material Dungeon
  artifactKey: Guid(f4a22d27146c38041ad9b5bd75f3d088) Importer(815301076,1909f56bfc062723c751e8b465ee728b)
Start importing Assets/Materials/Material Dungeon using Guid(f4a22d27146c38041ad9b5bd75f3d088) Importer(815301076,1909f56bfc062723c751e8b465ee728b)  -> (artifact id: 'fb9df0862d88fbe695d8178d2eee3afc') in 0.007770 seconds 
========================================================================
Received Import Request.
  Time since last request: 157.378052 seconds.
  path: ProjectSettings/TagManager.asset
  artifactKey: Guid(00000000000000003000000000000000) Importer(815301076,1909f56bfc062723c751e8b465ee728b)
Start importing ProjectSettings/TagManager.asset using Guid(00000000000000003000000000000000) Importer(815301076,1909f56bfc062723c751e8b465ee728b)  -> (artifact id: '5f74b9f0782f3ffe8a654b2b60a9f33c') in 0.009974 seconds 
========================================================================
Received Import Request.
  Time since last request: 106.270863 seconds.
  path: Assets/Scripts
  artifactKey: Guid(9c255b7cde3a28546aa29778d6ecc3b2) Importer(815301076,1909f56bfc062723c751e8b465ee728b)
Start importing Assets/Scripts using Guid(9c255b7cde3a28546aa29778d6ecc3b2) Importer(815301076,1909f56bfc062723c751e8b465ee728b)  -> (artifact id: '28008e41e5de51b45078717ff3e3094e') in 0.007246 seconds 
========================================================================
Received Import Request.
  Time since last request: 11.577777 seconds.
  path: Assets/Scripts/GameController.cs
  artifactKey: Guid(ab16d1f36eeab9343987cdab60eef337) Importer(815301076,1909f56bfc062723c751e8b465ee728b)
Start importing Assets/Scripts/GameController.cs using Guid(ab16d1f36eeab9343987cdab60eef337) Importer(815301076,1909f56bfc062723c751e8b465ee728b)  -> (artifact id: 'e7c287fc888cde697ee79f71886706c7') in 0.010422 seconds 
========================================================================
Received Prepare
Registering precompiled user dll's ...
Registered in 0.004616 seconds.
Begin MonoManager ReloadAssembly
Symbol file LoadedFromMemory doesn't match image E:\Game Design\MyPortfolio\GamesPortfolio\ProjectAlpha\My project\Library\PackageCache\com.unity.visualscripting@1.7.8\Editor\VisualScripting.Core\Dependencies\YamlDotNet\Unity.VisualScripting.YamlDotNet.dll
Symbol file LoadedFromMemory doesn't match image E:\Game Design\MyPortfolio\GamesPortfolio\ProjectAlpha\My project\Library\PackageCache\com.unity.visualscripting@1.7.8\Editor\VisualScripting.Core\Dependencies\DotNetZip\Unity.VisualScripting.IonicZip.dll
Native extension for WindowsStandalone target not found
Refreshing native plugins compatible for Editor in 1.08 ms, found 3 plugins.
Preloading 0 native plugins for Editor in 0.00 ms.
Mono: successfully reloaded assembly
- Completed reload, in  1.037 seconds
Domain Reload Profiling:
	ReloadAssembly (1038ms)
		BeginReloadAssembly (152ms)
			ExecutionOrderSort (0ms)
			DisableScriptedObjects (5ms)
			BackupInstance (0ms)
			ReleaseScriptingObjects (0ms)
			CreateAndSetChildDomain (47ms)
		EndReloadAssembly (787ms)
			LoadAssemblies (101ms)
			RebuildTransferFunctionScriptingTraits (0ms)
			SetupTypeCache (289ms)
			ReleaseScriptCaches (1ms)
			RebuildScriptCaches (39ms)
			SetupLoadedEditorAssemblies (318ms)
				LogAssemblyErrors (0ms)
				InitializePlatformSupportModulesInManaged (12ms)
				SetLoadedEditorAssemblies (1ms)
				RefreshPlugins (1ms)
				BeforeProcessingInitializeOnLoad (58ms)
				ProcessInitializeOnLoadAttributes (199ms)
				ProcessInitializeOnLoadMethodAttributes (37ms)
				AfterProcessingInitializeOnLoad (10ms)
				EditorAssembliesLoaded (0ms)
			ExecutionOrderSort2 (0ms)
			AwakeInstancesAfterBackupRestoration (12ms)
Platform modules already initialized, skipping
Refreshing native plugins compatible for Editor in 2.37 ms, found 3 plugins.
Preloading 0 native plugins for Editor in 0.00 ms.
Unloading 3345 Unused Serialized files (Serialized files now loaded: 0)
Unloading 21 unused Assets / (79.9 KB). Loaded Objects now: 3857.
Memory consumption went from 120.1 MB to 120.0 MB.
Total: 3.012100 ms (FindLiveObjects: 0.246800 ms CreateObjectMapping: 0.160000 ms MarkObjects: 2.515400 ms  DeleteObjects: 0.088800 ms)

AssetImportParameters requested are different than current active one (requested -> active):
  custom:video-decoder-ogg-theora: a1e56fd34408186e4bbccfd4996cb3dc -> 
  custom:container-muxer-webm: aa71ff27fc2769a1b78a27578f13a17b -> 
  custom:container-demuxer-webm: 4f35f7cbe854078d1ac9338744f61a02 -> 
  custom:video-encoder-webm-vp8: eb34c28f22e8b96e1ab97ce403110664 -> 
  custom:audio-encoder-webm-vorbis: bf7c407c2cedff20999df2af8eb42d56 -> 
  custom:framework-win-MediaFoundation: 216162199b28c13a410421893ffa2e32 -> 
  custom:container-demuxer-ogg: 62fdf1f143b41e24485cea50d1cbac27 -> 
  custom:video-decoder-webm-vp8: 9c59270c3fd7afecdb556c50c9e8de78 -> 
  custom:audio-decoder-ogg-vorbis: bf7c407c2cedff20999df2af8eb42d56 -> 
========================================================================
Received Import Request.
  Time since last request: 151.528558 seconds.
  path: Assets/Scripts/Menus.cs
  artifactKey: Guid(0ba2d56ca545f81478ab8f0e74d9bdd1) Importer(815301076,1909f56bfc062723c751e8b465ee728b)
Start importing Assets/Scripts/Menus.cs using Guid(0ba2d56ca545f81478ab8f0e74d9bdd1) Importer(815301076,1909f56bfc062723c751e8b465ee728b)  -> (artifact id: 'b03615f85fa922b1adbbeb7ea06cdc05') in 0.011880 seconds 
========================================================================
Received Prepare
Registering precompiled user dll's ...
Registered in 0.004483 seconds.
Begin MonoManager ReloadAssembly
Symbol file LoadedFromMemory doesn't match image E:\Game Design\MyPortfolio\GamesPortfolio\ProjectAlpha\My project\Library\PackageCache\com.unity.visualscripting@1.7.8\Editor\VisualScripting.Core\Dependencies\YamlDotNet\Unity.VisualScripting.YamlDotNet.dll
Symbol file LoadedFromMemory doesn't match image E:\Game Design\MyPortfolio\GamesPortfolio\ProjectAlpha\My project\Library\PackageCache\com.unity.visualscripting@1.7.8\Editor\VisualScripting.Core\Dependencies\DotNetZip\Unity.VisualScripting.IonicZip.dll
Native extension for WindowsStandalone target not found
Refreshing native plugins compatible for Editor in 0.57 ms, found 3 plugins.
Preloading 0 native plugins for Editor in 0.00 ms.
Mono: successfully reloaded assembly
- Completed reload, in  0.926 seconds
Domain Reload Profiling:
	ReloadAssembly (926ms)
		BeginReloadAssembly (129ms)
			ExecutionOrderSort (0ms)
			DisableScriptedObjects (6ms)
			BackupInstance (0ms)
			ReleaseScriptingObjects (0ms)
			CreateAndSetChildDomain (33ms)
		EndReloadAssembly (702ms)
			LoadAssemblies (89ms)
			RebuildTransferFunctionScriptingTraits (0ms)
			SetupTypeCache (248ms)
			ReleaseScriptCaches (1ms)
			RebuildScriptCaches (38ms)
			SetupLoadedEditorAssemblies (299ms)
				LogAssemblyErrors (0ms)
				InitializePlatformSupportModulesInManaged (13ms)
				SetLoadedEditorAssemblies (0ms)
				RefreshPlugins (1ms)
				BeforeProcessingInitializeOnLoad (61ms)
				ProcessInitializeOnLoadAttributes (187ms)
				ProcessInitializeOnLoadMethodAttributes (28ms)
				AfterProcessingInitializeOnLoad (9ms)
				EditorAssembliesLoaded (0ms)
			ExecutionOrderSort2 (0ms)
			AwakeInstancesAfterBackupRestoration (5ms)
Platform modules already initialized, skipping
Refreshing native plugins compatible for Editor in 1.72 ms, found 3 plugins.
Preloading 0 native plugins for Editor in 0.00 ms.
Unloading 3346 Unused Serialized files (Serialized files now loaded: 0)
Unloading 20 unused Assets / (79.8 KB). Loaded Objects now: 3861.
Memory consumption went from 120.1 MB to 120.0 MB.
Total: 2.823500 ms (FindLiveObjects: 0.239000 ms CreateObjectMapping: 0.148100 ms MarkObjects: 2.349700 ms  DeleteObjects: 0.085800 ms)

AssetImportParameters requested are different than current active one (requested -> active):
  custom:video-decoder-ogg-theora: a1e56fd34408186e4bbccfd4996cb3dc -> 
  custom:container-muxer-webm: aa71ff27fc2769a1b78a27578f13a17b -> 
  custom:container-demuxer-webm: 4f35f7cbe854078d1ac9338744f61a02 -> 
  custom:video-encoder-webm-vp8: eb34c28f22e8b96e1ab97ce403110664 -> 
  custom:audio-encoder-webm-vorbis: bf7c407c2cedff20999df2af8eb42d56 -> 
  custom:framework-win-MediaFoundation: 216162199b28c13a410421893ffa2e32 -> 
  custom:container-demuxer-ogg: 62fdf1f143b41e24485cea50d1cbac27 -> 
  custom:video-decoder-webm-vp8: 9c59270c3fd7afecdb556c50c9e8de78 -> 
  custom:audio-decoder-ogg-vorbis: bf7c407c2cedff20999df2af8eb42d56 -> 
